2025-06-06 06:55:17,105 - INFO - Iniciando proceso de scraping
2025-06-06 06:55:17,105 - INFO - Extrayendo HTML de https://www.bbc.com/mundo/topics/cyx5krnw38vt
2025-06-06 06:55:17,107 - ERROR - Error durante el scraping: extraer_html() missing 1 required positional argument: 'URL'
2025-06-06 06:55:17,107 - ERROR - El proceso finalizó con errores
2025-06-06 06:57:29,423 - INFO - Iniciando proceso de scraping
2025-06-06 06:57:29,423 - INFO - Extrayendo HTML de https://www.bbc.com/mundo/topics/cyx5krnw38vt
2025-06-06 06:57:29,425 - ERROR - Error durante el scraping: extraer_html() missing 1 required positional argument: 'URL'
2025-06-06 06:57:29,426 - ERROR - El proceso finalizó con errores
2025-06-06 06:58:25,201 - INFO - Iniciando proceso de scraping
2025-06-06 06:58:25,201 - INFO - Extrayendo HTML de https://www.bbc.com/mundo/topics/cyx5krnw38vt
2025-06-06 06:58:26,089 - INFO - Extrayendo datos del HTML
2025-06-06 06:58:26,090 - ERROR - Error durante el scraping: obtener_datos() missing 1 required positional argument: 'html'
2025-06-06 06:58:26,090 - ERROR - El proceso finalizó con errores
2025-06-06 06:59:26,957 - INFO - Iniciando proceso de scraping
2025-06-06 06:59:26,958 - INFO - Extrayendo HTML de https://www.bbc.com/mundo/topics/cyx5krnw38vt
2025-06-06 06:59:27,466 - INFO - Extrayendo datos del HTML
2025-06-06 06:59:27,539 - INFO - Se obtuvieron 11 registros
2025-06-06 06:59:27,539 - INFO - Proceso completado exitosamente
2025-06-06 07:00:08,292 - INFO - Iniciando proceso de scraping
2025-06-06 07:00:08,293 - INFO - Extrayendo HTML de https://www.bbc.com/mundo/topics/cyx5krnw38vt
2025-06-06 07:00:08,943 - INFO - Extrayendo datos del HTML
2025-06-06 07:00:08,979 - INFO - Se obtuvieron 11 registros
2025-06-06 07:00:08,979 - INFO - Proceso completado exitosamente
2025-06-06 07:00:08,979 - CRITICAL - Error crítico en la aplicación: 'list' object has no attribute 'text'
2025-06-06 07:01:09,769 - INFO - Iniciando proceso de scraping
2025-06-06 07:01:09,770 - INFO - Extrayendo HTML de https://www.bbc.com/mundo/topics/cyx5krnw38vt
2025-06-06 07:01:10,289 - INFO - Extrayendo datos del HTML
2025-06-06 07:01:10,332 - INFO - Se obtuvieron 11 registros
2025-06-06 07:01:10,332 - INFO - Proceso completado exitosamente
2025-06-06 07:01:10,333 - CRITICAL - Error crítico en la aplicación: 'list' object has no attribute 'text'
2025-06-06 07:01:19,052 - INFO - Iniciando proceso de scraping
2025-06-06 07:01:19,052 - INFO - Extrayendo HTML de https://www.bbc.com/mundo/topics/cyx5krnw38vt
2025-06-06 07:01:19,642 - INFO - Extrayendo datos del HTML
2025-06-06 07:01:19,677 - INFO - Se obtuvieron 11 registros
2025-06-06 07:01:19,678 - INFO - Proceso completado exitosamente
2025-06-06 07:01:19,678 - CRITICAL - Error crítico en la aplicación: 'list' object has no attribute 'text'
2025-06-06 07:02:51,094 - INFO - Iniciando proceso de scraping
2025-06-06 07:02:51,095 - INFO - Extrayendo HTML de https://www.bbc.com/mundo/topics/cyx5krnw38vt
2025-06-06 07:02:51,614 - INFO - Extrayendo datos del HTML
2025-06-06 07:02:51,662 - INFO - Se obtuvieron 10 registros
2025-06-06 07:02:51,662 - INFO - Proceso completado exitosamente
2025-06-06 07:02:51,663 - CRITICAL - Error crítico en la aplicación: 'list' object has no attribute 'text'
2025-06-06 07:06:38,993 - INFO - Iniciando proceso de scraping
2025-06-06 07:06:38,993 - INFO - Extrayendo HTML de https://www.bbc.com/mundo/topics/cyx5krnw38vt
2025-06-06 07:06:39,851 - INFO - Extrayendo datos del HTML
2025-06-06 07:06:39,896 - INFO - Se obtuvieron 10 registros
2025-06-06 07:06:39,896 - INFO - Proceso completado exitosamente
2025-06-06 07:06:39,896 - CRITICAL - Error crítico en la aplicación: 'list' object has no attribute 'text'
2025-06-06 07:07:25,237 - INFO - Iniciando proceso de scraping
2025-06-06 07:07:25,237 - INFO - Extrayendo HTML de https://www.bbc.com/mundo/topics/cyx5krnw38vt
2025-06-06 07:07:25,761 - INFO - Extrayendo datos del HTML
2025-06-06 07:07:25,817 - INFO - Se obtuvieron 10 registros
2025-06-06 07:07:25,817 - INFO - Proceso completado exitosamente
2025-06-06 07:25:57,816 - INFO - Iniciando proceso de scraping
2025-06-06 07:25:57,827 - INFO - Extrayendo HTML de https://www.bbc.com/mundo/topics/cyx5krnw38vt
2025-06-06 07:25:58,403 - INFO - Extrayendo datos del HTML
2025-06-06 07:25:58,442 - INFO - Se obtuvieron 10 registros
2025-06-06 07:25:58,442 - INFO - Proceso completado exitosamente
2025-06-06 10:30:06,446 - INFO - Iniciando proceso de scraping
2025-06-06 10:30:06,447 - INFO - Extrayendo HTML de https://www.bbc.com/mundo/topics/cyx5krnw38vt
2025-06-06 10:30:07,830 - INFO - Extrayendo datos del HTML
2025-06-06 10:30:07,866 - INFO - Se obtuvieron 10 registros
2025-06-06 10:30:07,868 - ERROR - El proceso finalizó con errores
